TPMEMO/sharedmemo/build/intermediates/manifest_merge_blame_file/debug/manifest-merger-blame-debug-report.txt
1<?xml version="1.0" encoding="utf-8"?>
2<manifest xmlns:android="http://schemas.android.com/apk/res/android"
3    xmlns:tools="http://schemas.android.com/tools"
4    package="cci.android.sharedmemo"
5    android:versionCode="1"
6    android:versionName="1.0" >
7
8    <uses-sdk
9        android:minSdkVersion="19"
9-->src\main\AndroidManifest.xml
10        android:targetSdkVersion="29" />
10-->src\main\AndroidManifest.xml
11
12    <application
12-->src\main\AndroidManifest.xml:4:5-9:19
13        android:allowBackup="true"
13-->src\main\AndroidManifest.xml:5:9-35
14        android:label="@string/app_name"
14-->src\main\AndroidManifest.xml:6:9-41
15        android:supportsRtl="true"
15-->src\main\AndroidManifest.xml:7:9-35
16        android:usesCleartextTraffic="true" >
16-->src\main\AndroidManifest.xml:8:9-44
17    </application>
18
19</manifest>